This is pdfTeX, Version 3.141592653-2.6-1.40.25 (TeX Live 2023) (preloaded format=pdflatex 2023.12.25)  26 JAN 2024 08:38
entering extended mode
 restricted \write18 enabled.
 %&-line parsing enabled.
**\makeatletter

*\documentclass{article}

*\usepackage[a4paper, total={6in, 8in}, margin=0.2in]{geometry}
(/usr/local/texlive/2023basic/texmf-dist/tex/latex/base/article.cls
Document Class: article 2022/07/02 v1.4n Standard LaTeX document class
(/usr/local/texlive/2023basic/texmf-dist/tex/latex/base/size10.clo
File: size10.clo 2022/07/02 v1.4n Standard LaTeX file (size option)
)
\c@part=\count185
\c@section=\count186
\c@subsection=\count187
\c@subsubsection=\count188
\c@paragraph=\count189
\c@subparagraph=\count190
\c@figure=\count191
\c@table=\count192
\abovecaptionskip=\skip48
\belowcaptionskip=\skip49
\bibindent=\dimen140
)
*\usepackage{graphicx} % Required for inserting images
(/usr/local/texlive/2023basic/texmf-dist/tex/latex/geometry/geometry.sty
Package: geometry 2020/01/02 v5.9 Page Geometry

(/usr/local/texlive/2023basic/texmf-dist/tex/latex/graphics/keyval.sty
Package: keyval 2022/05/29 v1.15 key=value parser (DPC)
\KV@toks@=\toks16
)
(/usr/local/texlive/2023basic/texmf-dist/tex/generic/iftex/ifvtex.sty
Package: ifvtex 2019/10/25 v1.7 ifvtex legacy package. Use iftex instead.

(/usr/local/texlive/2023basic/texmf-dist/tex/generic/iftex/iftex.sty
Package: iftex 2022/02/03 v1.0f TeX engine tests
))
\Gm@cnth=\count193
\Gm@cntv=\count194
\c@Gm@tempcnt=\count195
\Gm@bindingoffset=\dimen141
\Gm@wd@mp=\dimen142
\Gm@odd@mp=\dimen143
\Gm@even@mp=\dimen144
\Gm@layoutwidth=\dimen145
\Gm@layoutheight=\dimen146
\Gm@layouthoffset=\dimen147
\Gm@layoutvoffset=\dimen148
\Gm@dimlist=\toks17


Package geometry Warning: Over-specification in `h'-direction.
    `width' (433.62pt) is ignored.


Package geometry Warning: Over-specification in `v'-direction.
    `height' (578.15999pt) is ignored.

)
*\usepackage{amssymb}
(/usr/local/texlive/2023basic/texmf-dist/tex/latex/graphics/graphicx.sty
Package: graphicx 2021/09/16 v1.2d Enhanced LaTeX Graphics (DPC,SPQR)

(/usr/local/texlive/2023basic/texmf-dist/tex/latex/graphics/graphics.sty
Package: graphics 2022/03/10 v1.4e Standard LaTeX Graphics (DPC,SPQR)

(/usr/local/texlive/2023basic/texmf-dist/tex/latex/graphics/trig.sty
Package: trig 2021/08/11 v1.11 sin cos tan (DPC)
)
(/usr/local/texlive/2023basic/texmf-dist/tex/latex/graphics-cfg/graphics.cfg
File: graphics.cfg 2016/06/04 v1.11 sample graphics configuration
)
Package graphics Info: Driver file: pdftex.def on input line 107.

(/usr/local/texlive/2023basic/texmf-dist/tex/latex/graphics-def/pdftex.def
File: pdftex.def 2022/09/22 v1.2b Graphics/color driver for pdftex
))
\Gin@req@height=\dimen149
\Gin@req@width=\dimen150
)
*\usepackage{amsbsy}
(/usr/local/texlive/2023basic/texmf-dist/tex/latex/amsfonts/amssymb.sty
Package: amssymb 2013/01/14 v3.01 AMS font symbols

(/usr/local/texlive/2023basic/texmf-dist/tex/latex/amsfonts/amsfonts.sty
Package: amsfonts 2013/01/14 v3.01 Basic AMSFonts support
\@emptytoks=\toks18
\symAMSa=\mathgroup4
\symAMSb=\mathgroup5
LaTeX Font Info:    Redeclaring math symbol \hbar on input line 98.
LaTeX Font Info:    Overwriting math alphabet `\mathfrak' in version `bold'
(Font)                  U/euf/m/n --> U/euf/b/n on input line 106.
))
*\usepackage{xcolor}
(/usr/local/texlive/2023basic/texmf-dist/tex/latex/amsmath/amsbsy.sty
Package: amsbsy 1999/11/29 v1.2d Bold Symbols

(/usr/local/texlive/2023basic/texmf-dist/tex/latex/amsmath/amsgen.sty
File: amsgen.sty 1999/11/30 v2.0 generic functions
\@emptytoks=\toks19
\ex@=\dimen151
)
\pmbraise@=\dimen152
)
*\usepackage{listings}
(/usr/local/texlive/2023basic/texmf-dist/tex/latex/xcolor/xcolor.sty
Package: xcolor 2022/06/12 v2.14 LaTeX color extensions (UK)

(/usr/local/texlive/2023basic/texmf-dist/tex/latex/graphics-cfg/color.cfg
File: color.cfg 2016/01/02 v1.6 sample color configuration
)
Package xcolor Info: Driver file: pdftex.def on input line 227.

(/usr/local/texlive/2023basic/texmf-dist/tex/latex/graphics/mathcolor.ltx)
Package xcolor Info: Model `cmy' substituted by `cmy0' on input line 1353.
Package xcolor Info: Model `hsb' substituted by `rgb' on input line 1357.
Package xcolor Info: Model `RGB' extended on input line 1369.
Package xcolor Info: Model `HTML' substituted by `rgb' on input line 1371.
Package xcolor Info: Model `Hsb' substituted by `hsb' on input line 1372.
Package xcolor Info: Model `tHsb' substituted by `hsb' on input line 1373.
Package xcolor Info: Model `HSB' substituted by `hsb' on input line 1374.
Package xcolor Info: Model `Gray' substituted by `gray' on input line 1375.
Package xcolor Info: Model `wave' substituted by `hsb' on input line 1376.
)
*\usepackage{multicol}
(/usr/local/texlive/2023basic/texmf-dist/tex/latex/listings/listings.sty
\lst@mode=\count196
\lst@gtempboxa=\box51
\lst@token=\toks20
\lst@length=\count197
\lst@currlwidth=\dimen153
\lst@column=\count198
\lst@pos=\count199
\lst@lostspace=\dimen154
\lst@width=\dimen155
\lst@newlines=\count266
\lst@lineno=\count267
\lst@maxwidth=\dimen156

(/usr/local/texlive/2023basic/texmf-dist/tex/latex/listings/lstmisc.sty
File: lstmisc.sty 2023/02/27 1.9 (Carsten Heinz)
\c@lstnumber=\count268
\lst@skipnumbers=\count269
\lst@framebox=\box52
)
(/usr/local/texlive/2023basic/texmf-dist/tex/latex/listings/listings.cfg
File: listings.cfg 2023/02/27 1.9 listings configuration
))
Package: listings 2023/02/27 1.9 (Carsten Heinz)

*\usepackage{parskip}
(/usr/local/texlive/2023basic/texmf-dist/tex/latex/tools/multicol.sty
Package: multicol 2021/11/30 v1.9d multicolumn formatting (FMi)
\c@tracingmulticols=\count270
\mult@box=\box53
\multicol@leftmargin=\dimen157
\c@unbalance=\count271
\c@collectmore=\count272
\doublecol@number=\count273
\multicoltolerance=\count274
\multicolpretolerance=\count275
\full@width=\dimen158
\page@free=\dimen159
\premulticols=\dimen160
\postmulticols=\dimen161
\multicolsep=\skip50
\multicolbaselineskip=\skip51
\partial@page=\box54
\last@line=\box55
\maxbalancingoverflow=\dimen162
\mult@rightbox=\box56
\mult@grightbox=\box57
\mult@firstbox=\box58
\mult@gfirstbox=\box59
\@tempa=\box60
\@tempa=\box61
\@tempa=\box62
\@tempa=\box63
\@tempa=\box64
\@tempa=\box65
\@tempa=\box66
\@tempa=\box67
\@tempa=\box68
\@tempa=\box69
\@tempa=\box70
\@tempa=\box71
\@tempa=\box72
\@tempa=\box73
\@tempa=\box74
\@tempa=\box75
\@tempa=\box76
\@tempa=\box77
\@tempa=\box78
\@tempa=\box79
\@tempa=\box80
\@tempa=\box81
\@tempa=\box82
\@tempa=\box83
\@tempa=\box84
\@tempa=\box85
\@tempa=\box86
\@tempa=\box87
\@tempa=\box88
\@tempa=\box89
\@tempa=\box90
\@tempa=\box91
\@tempa=\box92
\@tempa=\box93
\@tempa=\box94
\@tempa=\box95
\c@minrows=\count276
\c@columnbadness=\count277
\c@finalcolumnbadness=\count278
\last@try=\dimen163
\multicolovershoot=\dimen164
\multicolundershoot=\dimen165
\mult@nat@firstbox=\box96
\colbreak@box=\box97
\mc@col@check@num=\count279
)
*\newcommand{\bound}[1]{\rceil {#1} \lceil}
(/usr/local/texlive/2023basic/texmf-dist/tex/latex/parskip/parskip.sty
Package: parskip 2021-03-14 v2.0h non-zero parskip adjustments

(/usr/local/texlive/2023basic/texmf-dist/tex/latex/kvoptions/kvoptions.sty
Package: kvoptions 2022-06-15 v3.15 Key value format for package options (HO)

(/usr/local/texlive/2023basic/texmf-dist/tex/generic/ltxcmds/ltxcmds.sty
Package: ltxcmds 2020-05-10 v1.25 LaTeX kernel commands for general use (HO)
)
(/usr/local/texlive/2023basic/texmf-dist/tex/latex/kvsetkeys/kvsetkeys.sty
Package: kvsetkeys 2022-10-05 v1.19 Key value parser (HO)
))
(/usr/local/texlive/2023basic/texmf-dist/tex/latex/etoolbox/etoolbox.sty
Package: etoolbox 2020/10/05 v2.5k e-TeX tools for LaTeX (JAW)
\etb@tempcnta=\count280
))
*
(Please type a command or say `\end')
*\definecolor{battleshipgrey}{rgb}{0.52, 0.52, 0.51}

*
(Please type a command or say `\end')
*\newcommand{\com}[1]{\textcolor{battleshipgrey}{\hfill\llap{\hspace*{1em}{#1}}
}}

*
(Please type a command or say `\end')
*\newcommand{\tm}[1]{\textcolor{brown}{#1}}

*\newcommand{\tmb}[1]{\textcolor{blue}{#1}}

*\newcommand{\ntm}[1]{\colorbox{blue!30}{$#1$}}

*
(Please type a command or say `\end')
*\newcommand{\srbegin}[3]{

*    \ntm{#1} $\in$ {#2} ::= {#3} % symbol + syntax category + first el of rule


*    \snextel

*} % syntax rule

*\newcommand{\srend}{}

*\newcommand{\srel}[1]{{#1} \snextel} % syntax element

*\newcommand{\snextel}{\@ifnextchar{\srend}{}{$|$ \srel}}

*
(Please type a command or say `\end')
*\newcommand{\osr}[3]{

*\begin{tabular}{ c }

* #2 \\

* \hline

* #3

*\end{tabular}~{\tiny #1}

*}

*
(Please type a command or say `\end')
*% https://tex.stackexchange.com/questions/83882/how-to-highlight-python-syntax
-in-latex-listings-lstinputlistings-command

*% Default fixed font does not support bold face

*\DeclareFixedFont{\ttb}{T1}{txtt}{bx}{n}{8} % for bold
LaTeX Font Info:    Trying to load font information for T1+txtt on input line 0
.
LaTeX Font Info:    No file T1txtt.fd. on input line 0.

LaTeX Font Warning: Font shape `T1/txtt/bx/n' undefined
(Font)              using `T1/cmr/m/n' instead on input line 0.


*\DeclareFixedFont{\ttm}{T1}{txtt}{m}{n}{8}  % for normal

LaTeX Font Warning: Font shape `T1/txtt/m/n' undefined
(Font)              using `T1/cmr/m/n' instead on input line 0.


*
(Please type a command or say `\end')
*% Custom colors

*\definecolor{deepblue}{rgb}{0,0,0.5}

*\definecolor{deepred}{rgb}{0.6,0,0}

*\definecolor{deepgreen}{rgb}{0,0.5,0}

*
(Please type a command or say `\end')
*% Python style for highlighting

*\newcommand\pythonstyle{\lstset{

*language=Python,

*basicstyle=\ttm,

*morekeywords={self},              % Add keywords here

*keywordstyle=\ttb\color{deepblue},

*emph={MyClass,__init__},          % Custom highlighting

*emphstyle=\ttb\color{deepred},    % Custom highlighting style

*stringstyle=\color{deepgreen},

*frame=tb,                         % Any extra options here

*showstringspaces=false

*}}

*
(Please type a command or say `\end')
*
(Please type a command or say `\end')
*% Python environment

*\lstnewenvironment{python}[1][]

*{

*\pythonstyle

*\lstset{#1}

*}

*{}

*
(Please type a command or say `\end')
*\title{Semantics}

*\author{m.brojek2 }

*\date{January 2024}

*
(Please type a command or say `\end')
*\begin{document}

(/usr/local/texlive/2023basic/texmf-dist/tex/latex/l3backend/l3backend-pdftex.d
ef
File: l3backend-pdftex.def 2023-01-16 L3 backend support: PDF output (pdfTeX)
\l__color_backend_stack_int=\count281
\l__pdf_internal_box=\box98
)
No file file.aux.
\openout1 = `file.aux'.

LaTeX Font Info:    Checking defaults for OML/cmm/m/it on input line 0.
LaTeX Font Info:    ... okay on input line 0.
LaTeX Font Info:    Checking defaults for OMS/cmsy/m/n on input line 0.
LaTeX Font Info:    ... okay on input line 0.
LaTeX Font Info:    Checking defaults for OT1/cmr/m/n on input line 0.
LaTeX Font Info:    ... okay on input line 0.
LaTeX Font Info:    Checking defaults for T1/cmr/m/n on input line 0.
LaTeX Font Info:    ... okay on input line 0.
LaTeX Font Info:    Checking defaults for TS1/cmr/m/n on input line 0.
LaTeX Font Info:    ... okay on input line 0.
LaTeX Font Info:    Checking defaults for OMX/cmex/m/n on input line 0.
LaTeX Font Info:    ... okay on input line 0.
LaTeX Font Info:    Checking defaults for U/cmr/m/n on input line 0.
LaTeX Font Info:    ... okay on input line 0.
*geometry* driver: auto-detecting
*geometry* detected driver: pdftex
*geometry* verbose mode - [ preamble ] result:
* driver: pdftex
* paper: a4paper
* layout: <same size as paper>
* layoutoffset:(h,v)=(0.0pt,0.0pt)
* modes: 
* h-part:(L,W,R)=(14.45377pt, 568.60034pt, 14.45377pt)
* v-part:(T,H,B)=(14.45377pt, 816.13931pt, 14.45377pt)
* \paperwidth=597.50787pt
* \paperheight=845.04684pt
* \textwidth=568.60034pt
* \textheight=816.13931pt
* \oddsidemargin=-57.81622pt
* \evensidemargin=-57.81622pt
* \topmargin=-94.81622pt
* \headheight=12.0pt
* \headsep=25.0pt
* \topskip=10.0pt
* \footskip=30.0pt
* \marginparwidth=65.0pt
* \marginparsep=11.0pt
* \columnsep=10.0pt
* \skip\footins=9.0pt plus 4.0pt minus 2.0pt
* \hoffset=0.0pt
* \voffset=0.0pt
* \mag=1000
* \@twocolumnfalse
* \@twosidefalse
* \@mparswitchfalse
* \@reversemarginfalse
* (1in=72.27pt=25.4mm, 1cm=28.453pt)

(/usr/local/texlive/2023basic/texmf-dist/tex/context/base/mkii/supp-pdf.mkii
[Loading MPS to PDF converter (version 2006.09.02).]
\scratchcounter=\count282
\scratchdimen=\dimen166
\scratchbox=\box99
\nofMPsegments=\count283
\nofMParguments=\count284
\everyMPshowfont=\toks21
\MPscratchCnt=\count285
\MPscratchDim=\dimen167
\MPnumerator=\count286
\makeMPintoPDFobject=\count287
\everyMPtoPDFconversion=\toks22
)
(/usr/local/texlive/2023basic/texmf-dist/tex/latex/epstopdf-pkg/epstopdf-base.s
ty
Package: epstopdf-base 2020-01-24 v2.11 Base part for package epstopdf
Package epstopdf-base Info: Redefining graphics rule for `.eps' on input line 4
85.

(/usr/local/texlive/2023basic/texmf-dist/tex/latex/latexconfig/epstopdf-sys.cfg
File: epstopdf-sys.cfg 2010/07/13 v1.3 Configuration of (r)epstopdf for TeX Liv
e
))
\c@lstlisting=\count288

*\ntm{sp} $\in$ sp ::= \ntm{e}  $|$ \ntm{t} \\
LaTeX Font Info:    Trying to load font information for U+msa on input line 0.
(/usr/local/texlive/2023basic/texmf-dist/tex/latex/amsfonts/umsa.fd
File: umsa.fd 2013/01/14 v3.01 AMS symbols A
)
LaTeX Font Info:    Trying to load font information for U+msb on input line 0.

(/usr/local/texlive/2023basic/texmf-dist/tex/latex/amsfonts/umsb.fd
File: umsb.fd 2013/01/14 v3.01 AMS symbols B
)
*~\\\\\ntm{e} $\in$ e ::= /0/ $|$ /s/ "(" \ntm{e}  ")" $|$ \ntm{e}  /+/ \ntm{e}
 \\

*~\\\\\ntm{t} $\in$ t ::= /unit/\\

*~\\\\\osr{te1}{}{\ntm{\Gamma_{}} $\vdash$ \tmb{[}\ntm{e_{}}\tmb{]}:\tmb{[}\tmb
{[}unit\tmb{]}\tmb{]}}\\

*~\\\\\osr{te2}{}{\ntm{\Gamma_{}} $\vdash$ \ntm{sp_{}}:\tmb{[}\tmb{[}unit\tmb{]
}\tmb{]}}\\

*~\\\\\osr{oe1}{}{\tm{$<$}\tmb{[}\tmb{[}\ntm{e_{1}}\tmb{,}+\tmb{,}\tmb{[}s\tmb{
,}\ntm{e_{2}}\tmb{]}\tmb{]}\tmb{]}\tm{,}\ntm{s_{}}\tm{$>$} $\to$ \tm{$<$}\tmb{[
}\tmb{[}\tmb{[}s\tmb{,}\ntm{e_{1}}\tmb{]}\tmb{,}+\tmb{,}\ntm{e_{2}}\tmb{]}\tmb{
]}\tm{,}\ntm{s_{}}\tm{$>$}}\\

*~\\\\\osr{oe2}{}{\tm{$<$}\tmb{[}\tmb{[}\ntm{e_{1}}\tmb{,}+\tmb{,}\tmb{[}0\tmb{
]}\tmb{]}\tmb{]}\tm{,}\ntm{s_{}}\tm{$>$} $\to$ \tm{$<$}\tmb{[}\ntm{e_{1}}\tmb{]
}\tm{,}\ntm{s_{}}\tm{$>$}}\\

*~\\\\\osr{oe3}{\tm{$<$}\tmb{[}\ntm{e_{1}}\tmb{]}\tm{,}\ntm{s_{}}\tm{$>$} $\to$
 \tm{$<$}\tmb{[}\ntm{e_{3}}\tmb{]}\tm{,}\ntm{s_{}}\tm{$>$}}{\tm{$<$}\tmb{[}\tmb
{[}\ntm{e_{1}}\tmb{,}+\tmb{,}\ntm{e_{2}}\tmb{]}\tmb{]}\tm{,}\ntm{s_{}}\tm{$>$} 
$\to$ \tm{$<$}\tmb{[}\tmb{[}\ntm{e_{3}}\tmb{,}+\tmb{,}\ntm{e_{2}}\tmb{]}\tmb{]}
\tm{,}\ntm{s_{}}\tm{$>$}}\\

*~\\\\\osr{oe4}{\tm{$<$}\tmb{[}\ntm{e_{2}}\tmb{]}\tm{,}\ntm{s_{}}\tm{$>$} $\to$
 \tm{$<$}\tmb{[}\ntm{e_{3}}\tmb{]}\tm{,}\ntm{s_{}}\tm{$>$}}{\tm{$<$}\tmb{[}\tmb
{[}\ntm{e_{1}}\tmb{,}+\tmb{,}\ntm{e_{2}}\tmb{]}\tmb{]}\tm{,}\ntm{s_{}}\tm{$>$} 
$\to$ \tm{$<$}\tmb{[}\tmb{[}\ntm{e_{1}}\tmb{,}+\tmb{,}\ntm{e_{3}}\tmb{]}\tmb{]}
\tm{,}\ntm{s_{}}\tm{$>$}}\\

*~\\\\update\tm{(}\tmb{[}\tmb{[}\tmb{[}s\tmb{,}\ntm{e_{}}\tmb{]}\tmb{]}\tmb{,}\
ntm{s_{1}}\tmb{]}\tm{$|$}\tmb{[}\tmb{[}\ntm{e_{}}\tmb{]}\tmb{,}\ntm{s_{2}}\tmb{
]}\tm{)}\tm{`}\begin{python}
(/usr/local/texlive/2023basic/texmf-dist/tex/latex/listings/lstlang1.sty
File: lstlang1.sty 2023/02/27 1.9 listings language file
)
Underfull \hbox (badness 10000) detected at line 0

 []


Underfull \hbox (badness 10000) detected at line 0

 []


Underfull \hbox (badness 10000) detected at line 0

 []


Underfull \hbox (badness 10000) detected at line 0

 []


Underfull \hbox (badness 10000) detected at line 0

 []


Underfull \hbox (badness 10000) detected at line 0

 []


Underfull \hbox (badness 10000) detected at line 0

 []


Underfull \hbox (badness 10000) detected at line 0

 []


Underfull \hbox (badness 10000) detected at line 0

 []


Underfull \hbox (badness 10000) detected at line 0

 []


Underfull \hbox (badness 10000) detected at line 0

 []


Underfull \hbox (badness 10000) detected at line 0

 []


Underfull \hbox (badness 10000) detected at line 0

 []


Underfull \hbox (badness 10000) detected at line 0

 []


Underfull \hbox (badness 10000) detected at line 0

 []


Underfull \hbox (badness 10000) detected at line 0

 []


Underfull \hbox (badness 10000) detected at line 0

 []


Underfull \hbox (badness 10000) detected at line 0

 []


*s_2 = s_1

*if type(s_2[1]) != int:

*    s_2[1] = 1

*else:

*    s_2[1] += 1

*\end{python}\tm{`}

*~\\\\\osr{transferOneToken}{update\tm{(}\tmb{[}\tmb{[}\ntm{e_{1}}\tmb{]}\tmb{,
}\ntm{s_{1}}\tmb{]}\tm{$|$}\tmb{[}\tmb{[}\ntm{e_{2}}\tmb{]}\tmb{,}\ntm{s_{2}}\t
mb{]}\tm{)}}{\tm{$<$}\tmb{[}\ntm{e_{1}}\tmb{]}\tm{,}\ntm{s_{1}}\tm{$>$} $\to$ \
tm{$<$}\tmb{[}\ntm{e_{2}}\tmb{]}\tm{,}\ntm{s_{2}}\tm{$>$}}\\

*~\\\\\osr{end}{}{\tm{$<$}\tmb{[}\tmb{[}0\tmb{]}\tmb{]}\tm{,}\ntm{s_{}}\tm{$>$}
 $\to$ \ntm{s_{}}}\\

*~\\\\\tmb{[}\tmb{[}\tmb{[}\tmb{[}\tmb{[}s\tmb{,}\tmb{[}s\tmb{,}\tmb{[}0\tmb{]}
\tmb{]}\tmb{]}\tmb{,}+\tmb{,}\tmb{[}s\tmb{,}\tmb{[}0\tmb{]}\tmb{]}\tmb{]}\tmb{,
}+\tmb{,}\tmb{[}0\tmb{]}\tmb{]}\tmb{,}+\tmb{,}\tmb{[}s\tmb{,}\tmb{[}0\tmb{]}\tm
b{]}\tmb{]}\tmb{]}

*~\\\\\tmb{[}\tmb{[}\tmb{[}0\tmb{]}\tmb{,}+\tmb{,}\tmb{[}s\tmb{,}\tmb{[}s\tmb{,
}\tmb{[}s\tmb{,}\tmb{[}0\tmb{]}\tmb{]}\tmb{]}\tmb{]}\tmb{]}\tmb{]}

*

Underfull \hbox (badness 10000) detected at line 0

 []


Underfull \hbox (badness 10000) detected at line 0

 []


Underfull \hbox (badness 10000) detected at line 0

 []


Underfull \hbox (badness 10000) detected at line 0

 []


Underfull \hbox (badness 10000) detected at line 0

 []


Underfull \hbox (badness 10000) detected at line 0

 []

(Please type a command or say `\end')
*\end{document}
[1

{/usr/local/texlive/2023basic/texmf-var/fonts/map/pdftex/updmap/pdftex.map}]
(/var/folders/7k/kntdqvc508s970459vzm8hlr0000gn/T/tmp7w0ni2qw/file.aux)

LaTeX Font Warning: Some font shapes were not available, defaults substituted.

 
Here is how much of TeX's memory you used:
 5659 strings out of 477476
 83177 string characters out of 5824243
 1871388 words of memory out of 5000000
 25863 multiletter control sequences out of 15000+600000
 514750 words of font info for 41 fonts, out of 8000000 for 9000
 319 hyphenation exceptions out of 8191
 56i,9n,62p,555b,1246s stack positions out of 10000i,1000n,20000p,200000b,200000s
 </Users/marcin/Library/texlive/2023basic/texmf-var/fonts/pk/ljfour/jknappen/ec
/ecrm0800.600pk></usr/local/texlive/2023basic/texmf-dist/fonts/type1/public/ams
fonts/cm/cmmi10.pfb></usr/local/texlive/2023basic/texmf-dist/fonts/type1/public
/amsfonts/cm/cmr10.pfb></usr/local/texlive/2023basic/texmf-dist/fonts/type1/pub
lic/amsfonts/cm/cmr5.pfb></usr/local/texlive/2023basic/texmf-dist/fonts/type1/p
ublic/amsfonts/cm/cmr7.pfb></usr/local/texlive/2023basic/texmf-dist/fonts/type1
/public/amsfonts/cm/cmsy10.pfb>
Output written on /var/folders/7k/kntdqvc508s970459vzm8hlr0000gn/T/tmp7w0ni2qw/
file.pdf (1 page, 58063 bytes).
PDF statistics:
 56 PDF objects out of 1000 (max. 8388607)
 23 compressed objects within 1 object stream
 0 named destinations out of 1000 (max. 500000)
 1 words of extra memory for PDF output out of 10000 (max. 10000000)

